[NotebookApp | WARNING] No nbgrader_config.py file found (rerun with --debug to see where nbgrader is looking)
[NotebookApp | WARNING] Config option `template_path` not recognized by `HTMLExporter`.  Did you mean one of: `extra_template_paths, template_name, template_paths`?
[NotebookApp | INFO] Loading the validate_assignment nbgrader serverextension
[NotebookApp | INFO] nteract extension loaded from /Users/siddharthkothotya/anaconda3/lib/python3.7/site-packages/nteract_on_jupyter
[NotebookApp | INFO] Serving notebooks from local directory: /Users/siddharthkothotya/siddharthkothotya/github_content/Library_Explainers/NLP/spacy
[NotebookApp | INFO] Jupyter Notebook 6.4.11 is running at:
[NotebookApp | INFO] http://localhost:8888/?token=6b99dd1f028ebeadabd40fa2c1aab0e9674f628c4112b543
[NotebookApp | INFO]  or http://127.0.0.1:8888/?token=6b99dd1f028ebeadabd40fa2c1aab0e9674f628c4112b543
[NotebookApp | INFO] Use Control-C to stop this server and shut down all kernels (twice to skip confirmation).
[NotebookApp | CRITICAL] 
    
    To access the notebook, open this file in a browser:
        file:///Users/siddharthkothotya/Library/Jupyter/runtime/nbserver-45215-open.html
    Or copy and paste one of these URLs:
        http://localhost:8888/?token=6b99dd1f028ebeadabd40fa2c1aab0e9674f628c4112b543
     or http://127.0.0.1:8888/?token=6b99dd1f028ebeadabd40fa2c1aab0e9674f628c4112b543
[NotebookApp | WARNING] 404 GET /apple-touch-icon-precomposed.png (::1) 8.060000ms referer=None
[NotebookApp | WARNING] 404 GET /apple-touch-icon.png (::1) 1.280000ms referer=None
[NotebookApp | INFO] Creating new notebook in 
[NotebookApp | WARNING] Config option `template_path` not recognized by `ExporterCollapsibleHeadings`.  Did you mean one of: `extra_template_paths, template_name, template_paths`?
[NotebookApp | WARNING] Config option `template_path` not recognized by `ExporterCollapsibleHeadings`.  Did you mean one of: `extra_template_paths, template_name, template_paths`?
[NotebookApp | WARNING] Config option `template_path` not recognized by `TocExporter`.  Did you mean one of: `extra_template_paths, template_name, template_paths`?
[NotebookApp | WARNING] Config option `template_path` not recognized by `TocExporter`.  Did you mean one of: `extra_template_paths, template_name, template_paths`?
[NotebookApp | WARNING] Config option `template_path` not recognized by `LenvsHTMLExporter`.  Did you mean one of: `extra_template_paths, template_name, template_paths`?
[NotebookApp | WARNING] Config option `template_path` not recognized by `LenvsHTMLExporter`.  Did you mean one of: `extra_template_paths, template_name, template_paths`?
[NotebookApp | WARNING] Config option `template_path` not recognized by `LenvsTocHTMLExporter`.  Did you mean one of: `extra_template_paths, template_name, template_paths`?
[NotebookApp | WARNING] Config option `template_path` not recognized by `LenvsTocHTMLExporter`.  Did you mean one of: `extra_template_paths, template_name, template_paths`?
[NotebookApp | WARNING] Config option `template_path` not recognized by `LenvsLatexExporter`.  Did you mean one of: `extra_template_paths, template_name, template_paths`?
[NotebookApp | WARNING] Config option `template_path` not recognized by `LenvsLatexExporter`.  Did you mean one of: `extra_template_paths, template_name, template_paths`?
[NotebookApp | WARNING] Config option `template_path` not recognized by `LenvsSlidesExporter`.  Did you mean one of: `extra_template_paths, template_name, template_paths`?
[NotebookApp | WARNING] Config option `template_path` not recognized by `LenvsSlidesExporter`.  Did you mean one of: `extra_template_paths, template_name, template_paths`?
[NotebookApp | WARNING] Config option `template_path` not recognized by `ExporterCollapsibleHeadings`.  Did you mean one of: `extra_template_paths, template_name, template_paths`?
[NotebookApp | WARNING] Config option `template_path` not recognized by `ExporterCollapsibleHeadings`.  Did you mean one of: `extra_template_paths, template_name, template_paths`?
[NotebookApp | WARNING] Config option `template_path` not recognized by `TocExporter`.  Did you mean one of: `extra_template_paths, template_name, template_paths`?
[NotebookApp | WARNING] Config option `template_path` not recognized by `TocExporter`.  Did you mean one of: `extra_template_paths, template_name, template_paths`?
[NotebookApp | WARNING] Config option `template_path` not recognized by `LenvsHTMLExporter`.  Did you mean one of: `extra_template_paths, template_name, template_paths`?
[NotebookApp | WARNING] Config option `template_path` not recognized by `LenvsHTMLExporter`.  Did you mean one of: `extra_template_paths, template_name, template_paths`?
[NotebookApp | WARNING] Config option `template_path` not recognized by `LenvsTocHTMLExporter`.  Did you mean one of: `extra_template_paths, template_name, template_paths`?
[NotebookApp | WARNING] Config option `template_path` not recognized by `LenvsTocHTMLExporter`.  Did you mean one of: `extra_template_paths, template_name, template_paths`?
[NotebookApp | WARNING] Config option `template_path` not recognized by `LenvsLatexExporter`.  Did you mean one of: `extra_template_paths, template_name, template_paths`?
[NotebookApp | WARNING] Config option `template_path` not recognized by `LenvsLatexExporter`.  Did you mean one of: `extra_template_paths, template_name, template_paths`?
[NotebookApp | WARNING] Config option `template_path` not recognized by `LenvsSlidesExporter`.  Did you mean one of: `extra_template_paths, template_name, template_paths`?
[NotebookApp | WARNING] Config option `template_path` not recognized by `LenvsSlidesExporter`.  Did you mean one of: `extra_template_paths, template_name, template_paths`?
[NotebookApp | INFO] Kernel started: 7e62eff7-3f53-465d-96d9-7771476855b9, name: python3
[NotebookApp | INFO] Saving file at /A Introduction to Spacy.ipynb
[NotebookApp | INFO] Saving file at /A Introduction to Spacy.ipynb
